<?xml version="1.0" encoding="UTF-8"?>
<!-- Generated by org.testng.reporters.JUnitReportReporter -->
<testsuite skipped="0" hostname="DESKTOP-IVB29SL" name="com.test.Runner" tests="1" failures="0" timestamp="22 Mar 2019 12:56:21 GMT" time="4.011" errors="0">
  <testcase name="deleteTest" time="4.011" classname="com.test.Runner"/>
</testsuite> <!-- com.test.Runner -->
