<?xml version="1.0" encoding="UTF-8"?>
<!-- Generated by org.testng.reporters.JUnitReportReporter -->
<testsuite skipped="0" hostname="DESKTOP-IVB29SL" name="com.test.Runner" tests="1" failures="0" timestamp="25 Mar 2019 05:08:10 GMT" time="2.879" errors="0">
  <testcase name="deleteTest" time="2.879" classname="com.test.Runner"/>
</testsuite> <!-- com.test.Runner -->
